This is XeTeX, Version 3.141592653-2.6-0.999996 (TeX Live 2024/nixos.org) (preloaded format=xelatex 1980.1.1)  11 JUN 2025 08:31
entering extended mode
 restricted \write18 enabled.
 %&-line parsing enabled.
**example_slides.tex
(./example_slides.tex
LaTeX2e <2024-11-01> patch level 2
L3 programming layer <2025-01-18>

(/nix/store/c1b5zlvqa61x7xkw2k9582k3hzybj1g0-texlive-combined-2024-texmfdist/te
x/latex/beamer/beamer.cls
Document Class: beamer 2025/02/04 v3.72 A class for typesetting presentations

(/nix/store/c1b5zlvqa61x7xkw2k9582k3hzybj1g0-texlive-combined-2024-texmfdist/te
x/latex/beamer/beamerbasemodes.sty
(/nix/store/c1b5zlvqa61x7xkw2k9582k3hzybj1g0-texlive-combined-2024-texmfdist/te
x/latex/etoolbox/etoolbox.sty
Package: etoolbox 2025/02/11 v2.5l e-TeX tools for LaTeX (JAW)
\etb@tempcnta=\count192
)
\beamer@tempbox=\box52
\beamer@tempcount=\count193
\c@beamerpauses=\count194

(/nix/store/c1b5zlvqa61x7xkw2k9582k3hzybj1g0-texlive-combined-2024-texmfdist/te
x/latex/beamer/beamerbasedecode.sty
\beamer@slideinframe=\count195
\beamer@minimum=\count196
\beamer@decode@box=\box53
)
\beamer@commentbox=\box54
\beamer@modecount=\count197
)
(/nix/store/c1b5zlvqa61x7xkw2k9582k3hzybj1g0-texlive-combined-2024-texmfdist/te
x/generic/iftex/iftex.sty
Package: iftex 2024/12/12 v1.0g TeX engine tests
)
\headdp=\dimen141
\footheight=\dimen142
\sidebarheight=\dimen143
\beamer@tempdim=\dimen144
\beamer@finalheight=\dimen145
\beamer@animht=\dimen146
\beamer@animdp=\dimen147
\beamer@animwd=\dimen148
\beamer@leftmargin=\dimen149
\beamer@rightmargin=\dimen150
\beamer@leftsidebar=\dimen151
\beamer@rightsidebar=\dimen152
\beamer@boxsize=\dimen153
\beamer@vboxoffset=\dimen154
\beamer@descdefault=\dimen155
\beamer@descriptionwidth=\dimen156
\beamer@lastskip=\skip49
\beamer@areabox=\box55
\beamer@animcurrent=\box56
\beamer@animshowbox=\box57
\beamer@sectionbox=\box58
\beamer@logobox=\box59
\beamer@linebox=\box60
\beamer@sectioncount=\count198
\beamer@subsubsectionmax=\count199
\beamer@subsectionmax=\count266
\beamer@sectionmax=\count267
\beamer@totalheads=\count268
\beamer@headcounter=\count269
\beamer@partstartpage=\count270
\beamer@sectionstartpage=\count271
\beamer@subsectionstartpage=\count272
\beamer@animationtempa=\count273
\beamer@animationtempb=\count274
\beamer@xpos=\count275
\beamer@ypos=\count276
\beamer@ypos@offset=\count277
\beamer@showpartnumber=\count278
\beamer@currentsubsection=\count279
\beamer@coveringdepth=\count280
\beamer@sectionadjust=\count281
\beamer@toclastsection=\count282
\beamer@tocsectionnumber=\count283

(/nix/store/c1b5zlvqa61x7xkw2k9582k3hzybj1g0-texlive-combined-2024-texmfdist/te
x/latex/beamer/beamerbaseoptions.sty
(/nix/store/c1b5zlvqa61x7xkw2k9582k3hzybj1g0-texlive-combined-2024-texmfdist/te
x/latex/graphics/keyval.sty
Package: keyval 2022/05/29 v1.15 key=value parser (DPC)
\KV@toks@=\toks17
))
\beamer@paperwidth=\skip50
\beamer@paperheight=\skip51

(/nix/store/c1b5zlvqa61x7xkw2k9582k3hzybj1g0-texlive-combined-2024-texmfdist/te
x/latex/geometry/geometry.sty
Package: geometry 2020/01/02 v5.9 Page Geometry

(/nix/store/c1b5zlvqa61x7xkw2k9582k3hzybj1g0-texlive-combined-2024-texmfdist/te
x/generic/iftex/ifvtex.sty
Package: ifvtex 2019/10/25 v1.7 ifvtex legacy package. Use iftex instead.
)
\Gm@cnth=\count284
\Gm@cntv=\count285
\c@Gm@tempcnt=\count286
\Gm@bindingoffset=\dimen157
\Gm@wd@mp=\dimen158
\Gm@odd@mp=\dimen159
\Gm@even@mp=\dimen160
\Gm@layoutwidth=\dimen161
\Gm@layoutheight=\dimen162
\Gm@layouthoffset=\dimen163
\Gm@layoutvoffset=\dimen164
\Gm@dimlist=\toks18
)
(/nix/store/c1b5zlvqa61x7xkw2k9582k3hzybj1g0-texlive-combined-2024-texmfdist/te
x/latex/pgf/math/pgfmath.sty
(/nix/store/c1b5zlvqa61x7xkw2k9582k3hzybj1g0-texlive-combined-2024-texmfdist/te
x/latex/pgf/utilities/pgfrcs.sty
(/nix/store/c1b5zlvqa61x7xkw2k9582k3hzybj1g0-texlive-combined-2024-texmfdist/te
x/generic/pgf/utilities/pgfutil-common.tex
\pgfutil@everybye=\toks19
\pgfutil@tempdima=\dimen165
\pgfutil@tempdimb=\dimen166
)
(/nix/store/c1b5zlvqa61x7xkw2k9582k3hzybj1g0-texlive-combined-2024-texmfdist/te
x/generic/pgf/utilities/pgfutil-latex.def
\pgfutil@abb=\box61
)
(/nix/store/c1b5zlvqa61x7xkw2k9582k3hzybj1g0-texlive-combined-2024-texmfdist/te
x/generic/pgf/utilities/pgfrcs.code.tex
(/nix/store/c1b5zlvqa61x7xkw2k9582k3hzybj1g0-texlive-combined-2024-texmfdist/te
x/generic/pgf/pgf.revision.tex)
Package: pgfrcs 2023-01-15 v3.1.10 (3.1.10)
))
(/nix/store/c1b5zlvqa61x7xkw2k9582k3hzybj1g0-texlive-combined-2024-texmfdist/te
x/latex/pgf/utilities/pgfkeys.sty
(/nix/store/c1b5zlvqa61x7xkw2k9582k3hzybj1g0-texlive-combined-2024-texmfdist/te
x/generic/pgf/utilities/pgfkeys.code.tex
\pgfkeys@pathtoks=\toks20
\pgfkeys@temptoks=\toks21

(/nix/store/c1b5zlvqa61x7xkw2k9582k3hzybj1g0-texlive-combined-2024-texmfdist/te
x/generic/pgf/utilities/pgfkeyslibraryfiltered.code.tex
\pgfkeys@tmptoks=\toks22
)))
(/nix/store/c1b5zlvqa61x7xkw2k9582k3hzybj1g0-texlive-combined-2024-texmfdist/te
x/generic/pgf/math/pgfmath.code.tex
(/nix/store/c1b5zlvqa61x7xkw2k9582k3hzybj1g0-texlive-combined-2024-texmfdist/te
x/generic/pgf/math/pgfmathutil.code.tex
\pgf@x=\dimen167
\pgf@xa=\dimen168
\pgf@xb=\dimen169
\pgf@xc=\dimen170
\pgf@y=\dimen171
\pgf@ya=\dimen172
\pgf@yb=\dimen173
\pgf@yc=\dimen174
\c@pgf@counta=\count287
\c@pgf@countb=\count288
\c@pgf@countc=\count289
\c@pgf@countd=\count290
)
(/nix/store/c1b5zlvqa61x7xkw2k9582k3hzybj1g0-texlive-combined-2024-texmfdist/te
x/generic/pgf/math/pgfmathparser.code.tex
\pgfmath@dimen=\dimen175
\pgfmath@count=\count291
\pgfmath@box=\box62
\pgfmath@toks=\toks23
\pgfmath@stack@operand=\toks24
\pgfmath@stack@operation=\toks25
)
(/nix/store/c1b5zlvqa61x7xkw2k9582k3hzybj1g0-texlive-combined-2024-texmfdist/te
x/generic/pgf/math/pgfmathfunctions.code.tex)
(/nix/store/c1b5zlvqa61x7xkw2k9582k3hzybj1g0-texlive-combined-2024-texmfdist/te
x/generic/pgf/math/pgfmathfunctions.basic.code.tex)
(/nix/store/c1b5zlvqa61x7xkw2k9582k3hzybj1g0-texlive-combined-2024-texmfdist/te
x/generic/pgf/math/pgfmathfunctions.trigonometric.code.tex)
(/nix/store/c1b5zlvqa61x7xkw2k9582k3hzybj1g0-texlive-combined-2024-texmfdist/te
x/generic/pgf/math/pgfmathfunctions.random.code.tex)
(/nix/store/c1b5zlvqa61x7xkw2k9582k3hzybj1g0-texlive-combined-2024-texmfdist/te
x/generic/pgf/math/pgfmathfunctions.comparison.code.tex)
(/nix/store/c1b5zlvqa61x7xkw2k9582k3hzybj1g0-texlive-combined-2024-texmfdist/te
x/generic/pgf/math/pgfmathfunctions.base.code.tex)
(/nix/store/c1b5zlvqa61x7xkw2k9582k3hzybj1g0-texlive-combined-2024-texmfdist/te
x/generic/pgf/math/pgfmathfunctions.round.code.tex)
(/nix/store/c1b5zlvqa61x7xkw2k9582k3hzybj1g0-texlive-combined-2024-texmfdist/te
x/generic/pgf/math/pgfmathfunctions.misc.code.tex)
(/nix/store/c1b5zlvqa61x7xkw2k9582k3hzybj1g0-texlive-combined-2024-texmfdist/te
x/generic/pgf/math/pgfmathfunctions.integerarithmetics.code.tex)
(/nix/store/c1b5zlvqa61x7xkw2k9582k3hzybj1g0-texlive-combined-2024-texmfdist/te
x/generic/pgf/math/pgfmathcalc.code.tex)
(/nix/store/c1b5zlvqa61x7xkw2k9582k3hzybj1g0-texlive-combined-2024-texmfdist/te
x/generic/pgf/math/pgfmathfloat.code.tex
\c@pgfmathroundto@lastzeros=\count292
)))
(/nix/store/c1b5zlvqa61x7xkw2k9582k3hzybj1g0-texlive-combined-2024-texmfdist/te
x/latex/base/size11.clo
File: size11.clo 2024/06/29 v1.4n Standard LaTeX file (size option)
)
(/nix/store/c1b5zlvqa61x7xkw2k9582k3hzybj1g0-texlive-combined-2024-texmfdist/te
x/latex/pgf/basiclayer/pgfcore.sty
(/nix/store/c1b5zlvqa61x7xkw2k9582k3hzybj1g0-texlive-combined-2024-texmfdist/te
x/latex/graphics/graphicx.sty
Package: graphicx 2021/09/16 v1.2d Enhanced LaTeX Graphics (DPC,SPQR)

(/nix/store/c1b5zlvqa61x7xkw2k9582k3hzybj1g0-texlive-combined-2024-texmfdist/te
x/latex/graphics/graphics.sty
Package: graphics 2024/08/06 v1.4g Standard LaTeX Graphics (DPC,SPQR)

(/nix/store/c1b5zlvqa61x7xkw2k9582k3hzybj1g0-texlive-combined-2024-texmfdist/te
x/latex/graphics/trig.sty
Package: trig 2023/12/02 v1.11 sin cos tan (DPC)
)
(/nix/store/c1b5zlvqa61x7xkw2k9582k3hzybj1g0-texlive-combined-2024-texmfdist/te
x/latex/graphics-cfg/graphics.cfg
File: graphics.cfg 2016/06/04 v1.11 sample graphics configuration
)
Package graphics Info: Driver file: xetex.def on input line 106.

(/nix/store/c1b5zlvqa61x7xkw2k9582k3hzybj1g0-texlive-combined-2024-texmfdist/te
x/latex/graphics-def/xetex.def
File: xetex.def 2022/09/22 v5.0n Graphics/color driver for xetex
))
\Gin@req@height=\dimen176
\Gin@req@width=\dimen177
)
(/nix/store/c1b5zlvqa61x7xkw2k9582k3hzybj1g0-texlive-combined-2024-texmfdist/te
x/latex/pgf/systemlayer/pgfsys.sty
(/nix/store/c1b5zlvqa61x7xkw2k9582k3hzybj1g0-texlive-combined-2024-texmfdist/te
x/generic/pgf/systemlayer/pgfsys.code.tex
Package: pgfsys 2023-01-15 v3.1.10 (3.1.10)
\pgf@x=\dimen178
\pgf@y=\dimen179
\pgf@xa=\dimen180
\pgf@ya=\dimen181
\pgf@xb=\dimen182
\pgf@yb=\dimen183
\pgf@xc=\dimen184
\pgf@yc=\dimen185
\pgf@xd=\dimen186
\pgf@yd=\dimen187
\w@pgf@writea=\write3
\r@pgf@reada=\read2
\c@pgf@counta=\count293
\c@pgf@countb=\count294
\c@pgf@countc=\count295
\c@pgf@countd=\count296
\t@pgf@toka=\toks26
\t@pgf@tokb=\toks27
\t@pgf@tokc=\toks28
\pgf@sys@id@count=\count297

(/nix/store/c1b5zlvqa61x7xkw2k9582k3hzybj1g0-texlive-combined-2024-texmfdist/te
x/generic/pgf/systemlayer/pgf.cfg
File: pgf.cfg 2023-01-15 v3.1.10 (3.1.10)
)
Driver file for pgf: pgfsys-xetex.def

(/nix/store/c1b5zlvqa61x7xkw2k9582k3hzybj1g0-texlive-combined-2024-texmfdist/te
x/generic/pgf/systemlayer/pgfsys-xetex.def
File: pgfsys-xetex.def 2023-01-15 v3.1.10 (3.1.10)

(/nix/store/c1b5zlvqa61x7xkw2k9582k3hzybj1g0-texlive-combined-2024-texmfdist/te
x/generic/pgf/systemlayer/pgfsys-dvipdfmx.def
File: pgfsys-dvipdfmx.def 2023-01-15 v3.1.10 (3.1.10)

(/nix/store/c1b5zlvqa61x7xkw2k9582k3hzybj1g0-texlive-combined-2024-texmfdist/te
x/generic/pgf/systemlayer/pgfsys-common-pdf.def
File: pgfsys-common-pdf.def 2023-01-15 v3.1.10 (3.1.10)
)
\pgfsys@objnum=\count298
)))
(/nix/store/c1b5zlvqa61x7xkw2k9582k3hzybj1g0-texlive-combined-2024-texmfdist/te
x/generic/pgf/systemlayer/pgfsyssoftpath.code.tex
File: pgfsyssoftpath.code.tex 2023-01-15 v3.1.10 (3.1.10)
\pgfsyssoftpath@smallbuffer@items=\count299
\pgfsyssoftpath@bigbuffer@items=\count300
)
(/nix/store/c1b5zlvqa61x7xkw2k9582k3hzybj1g0-texlive-combined-2024-texmfdist/te
x/generic/pgf/systemlayer/pgfsysprotocol.code.tex
File: pgfsysprotocol.code.tex 2023-01-15 v3.1.10 (3.1.10)
))
(/nix/store/c1b5zlvqa61x7xkw2k9582k3hzybj1g0-texlive-combined-2024-texmfdist/te
x/latex/xcolor/xcolor.sty
Package: xcolor 2024/09/29 v3.02 LaTeX color extensions (UK)

(/nix/store/c1b5zlvqa61x7xkw2k9582k3hzybj1g0-texlive-combined-2024-texmfdist/te
x/latex/graphics-cfg/color.cfg
File: color.cfg 2016/01/02 v1.6 sample color configuration
)
Package xcolor Info: Driver file: xetex.def on input line 274.

(/nix/store/c1b5zlvqa61x7xkw2k9582k3hzybj1g0-texlive-combined-2024-texmfdist/te
x/latex/graphics/mathcolor.ltx)
Package xcolor Info: Model `cmy' substituted by `cmy0' on input line 1349.
Package xcolor Info: Model `RGB' extended on input line 1365.
Package xcolor Info: Model `HTML' substituted by `rgb' on input line 1367.
Package xcolor Info: Model `Hsb' substituted by `hsb' on input line 1368.
Package xcolor Info: Model `tHsb' substituted by `hsb' on input line 1369.
Package xcolor Info: Model `HSB' substituted by `hsb' on input line 1370.
Package xcolor Info: Model `Gray' substituted by `gray' on input line 1371.
Package xcolor Info: Model `wave' substituted by `hsb' on input line 1372.
)
(/nix/store/c1b5zlvqa61x7xkw2k9582k3hzybj1g0-texlive-combined-2024-texmfdist/te
x/generic/pgf/basiclayer/pgfcore.code.tex
Package: pgfcore 2023-01-15 v3.1.10 (3.1.10)

(/nix/store/c1b5zlvqa61x7xkw2k9582k3hzybj1g0-texlive-combined-2024-texmfdist/te
x/generic/pgf/math/pgfint.code.tex)
(/nix/store/c1b5zlvqa61x7xkw2k9582k3hzybj1g0-texlive-combined-2024-texmfdist/te
x/generic/pgf/basiclayer/pgfcorepoints.code.tex
File: pgfcorepoints.code.tex 2023-01-15 v3.1.10 (3.1.10)
\pgf@picminx=\dimen188
\pgf@picmaxx=\dimen189
\pgf@picminy=\dimen190
\pgf@picmaxy=\dimen191
\pgf@pathminx=\dimen192
\pgf@pathmaxx=\dimen193
\pgf@pathminy=\dimen194
\pgf@pathmaxy=\dimen195
\pgf@xx=\dimen196
\pgf@xy=\dimen197
\pgf@yx=\dimen198
\pgf@yy=\dimen199
\pgf@zx=\dimen256
\pgf@zy=\dimen257
)
(/nix/store/c1b5zlvqa61x7xkw2k9582k3hzybj1g0-texlive-combined-2024-texmfdist/te
x/generic/pgf/basiclayer/pgfcorepathconstruct.code.tex
File: pgfcorepathconstruct.code.tex 2023-01-15 v3.1.10 (3.1.10)
\pgf@path@lastx=\dimen258
\pgf@path@lasty=\dimen259
)
(/nix/store/c1b5zlvqa61x7xkw2k9582k3hzybj1g0-texlive-combined-2024-texmfdist/te
x/generic/pgf/basiclayer/pgfcorepathusage.code.tex
File: pgfcorepathusage.code.tex 2023-01-15 v3.1.10 (3.1.10)
\pgf@shorten@end@additional=\dimen260
\pgf@shorten@start@additional=\dimen261
)
(/nix/store/c1b5zlvqa61x7xkw2k9582k3hzybj1g0-texlive-combined-2024-texmfdist/te
x/generic/pgf/basiclayer/pgfcorescopes.code.tex
File: pgfcorescopes.code.tex 2023-01-15 v3.1.10 (3.1.10)
\pgfpic=\box63
\pgf@hbox=\box64
\pgf@layerbox@main=\box65
\pgf@picture@serial@count=\count301
)
(/nix/store/c1b5zlvqa61x7xkw2k9582k3hzybj1g0-texlive-combined-2024-texmfdist/te
x/generic/pgf/basiclayer/pgfcoregraphicstate.code.tex
File: pgfcoregraphicstate.code.tex 2023-01-15 v3.1.10 (3.1.10)
\pgflinewidth=\dimen262
)
(/nix/store/c1b5zlvqa61x7xkw2k9582k3hzybj1g0-texlive-combined-2024-texmfdist/te
x/generic/pgf/basiclayer/pgfcoretransformations.code.tex
File: pgfcoretransformations.code.tex 2023-01-15 v3.1.10 (3.1.10)
\pgf@pt@x=\dimen263
\pgf@pt@y=\dimen264
\pgf@pt@temp=\dimen265
)
(/nix/store/c1b5zlvqa61x7xkw2k9582k3hzybj1g0-texlive-combined-2024-texmfdist/te
x/generic/pgf/basiclayer/pgfcorequick.code.tex
File: pgfcorequick.code.tex 2023-01-15 v3.1.10 (3.1.10)
)
(/nix/store/c1b5zlvqa61x7xkw2k9582k3hzybj1g0-texlive-combined-2024-texmfdist/te
x/generic/pgf/basiclayer/pgfcoreobjects.code.tex
File: pgfcoreobjects.code.tex 2023-01-15 v3.1.10 (3.1.10)
)
(/nix/store/c1b5zlvqa61x7xkw2k9582k3hzybj1g0-texlive-combined-2024-texmfdist/te
x/generic/pgf/basiclayer/pgfcorepathprocessing.code.tex
File: pgfcorepathprocessing.code.tex 2023-01-15 v3.1.10 (3.1.10)
)
(/nix/store/c1b5zlvqa61x7xkw2k9582k3hzybj1g0-texlive-combined-2024-texmfdist/te
x/generic/pgf/basiclayer/pgfcorearrows.code.tex
File: pgfcorearrows.code.tex 2023-01-15 v3.1.10 (3.1.10)
\pgfarrowsep=\dimen266
)
(/nix/store/c1b5zlvqa61x7xkw2k9582k3hzybj1g0-texlive-combined-2024-texmfdist/te
x/generic/pgf/basiclayer/pgfcoreshade.code.tex
File: pgfcoreshade.code.tex 2023-01-15 v3.1.10 (3.1.10)
\pgf@max=\dimen267
\pgf@sys@shading@range@num=\count302
\pgf@shadingcount=\count303
)
(/nix/store/c1b5zlvqa61x7xkw2k9582k3hzybj1g0-texlive-combined-2024-texmfdist/te
x/generic/pgf/basiclayer/pgfcoreimage.code.tex
File: pgfcoreimage.code.tex 2023-01-15 v3.1.10 (3.1.10)
)
(/nix/store/c1b5zlvqa61x7xkw2k9582k3hzybj1g0-texlive-combined-2024-texmfdist/te
x/generic/pgf/basiclayer/pgfcoreexternal.code.tex
File: pgfcoreexternal.code.tex 2023-01-15 v3.1.10 (3.1.10)
\pgfexternal@startupbox=\box66
)
(/nix/store/c1b5zlvqa61x7xkw2k9582k3hzybj1g0-texlive-combined-2024-texmfdist/te
x/generic/pgf/basiclayer/pgfcorelayers.code.tex
File: pgfcorelayers.code.tex 2023-01-15 v3.1.10 (3.1.10)
)
(/nix/store/c1b5zlvqa61x7xkw2k9582k3hzybj1g0-texlive-combined-2024-texmfdist/te
x/generic/pgf/basiclayer/pgfcoretransparency.code.tex
File: pgfcoretransparency.code.tex 2023-01-15 v3.1.10 (3.1.10)
)
(/nix/store/c1b5zlvqa61x7xkw2k9582k3hzybj1g0-texlive-combined-2024-texmfdist/te
x/generic/pgf/basiclayer/pgfcorepatterns.code.tex
File: pgfcorepatterns.code.tex 2023-01-15 v3.1.10 (3.1.10)
)
(/nix/store/c1b5zlvqa61x7xkw2k9582k3hzybj1g0-texlive-combined-2024-texmfdist/te
x/generic/pgf/basiclayer/pgfcorerdf.code.tex
File: pgfcorerdf.code.tex 2023-01-15 v3.1.10 (3.1.10)
)))
(/nix/store/c1b5zlvqa61x7xkw2k9582k3hzybj1g0-texlive-combined-2024-texmfdist/te
x/latex/pgf/utilities/xxcolor.sty
Package: xxcolor 2003/10/24 ver 0.1
\XC@nummixins=\count304
\XC@countmixins=\count305
)
(/nix/store/c1b5zlvqa61x7xkw2k9582k3hzybj1g0-texlive-combined-2024-texmfdist/te
x/latex/base/atbegshi-ltx.sty
Package: atbegshi-ltx 2021/01/10 v1.0c Emulation of the original atbegshi
package with kernel methods
)
(/nix/store/c1b5zlvqa61x7xkw2k9582k3hzybj1g0-texlive-combined-2024-texmfdist/te
x/latex/hyperref/hyperref.sty
Package: hyperref 2024-11-05 v7.01l Hypertext links for LaTeX

(/nix/store/c1b5zlvqa61x7xkw2k9582k3hzybj1g0-texlive-combined-2024-texmfdist/te
x/latex/kvsetkeys/kvsetkeys.sty
Package: kvsetkeys 2022-10-05 v1.19 Key value parser (HO)
)
(/nix/store/c1b5zlvqa61x7xkw2k9582k3hzybj1g0-texlive-combined-2024-texmfdist/te
x/generic/kvdefinekeys/kvdefinekeys.sty
Package: kvdefinekeys 2019-12-19 v1.6 Define keys (HO)
)
(/nix/store/c1b5zlvqa61x7xkw2k9582k3hzybj1g0-texlive-combined-2024-texmfdist/te
x/generic/pdfescape/pdfescape.sty
Package: pdfescape 2019/12/09 v1.15 Implements pdfTeX's escape features (HO)

(/nix/store/c1b5zlvqa61x7xkw2k9582k3hzybj1g0-texlive-combined-2024-texmfdist/te
x/generic/ltxcmds/ltxcmds.sty
Package: ltxcmds 2023-12-04 v1.26 LaTeX kernel commands for general use (HO)
)
(/nix/store/c1b5zlvqa61x7xkw2k9582k3hzybj1g0-texlive-combined-2024-texmfdist/te
x/generic/pdftexcmds/pdftexcmds.sty
Package: pdftexcmds 2020-06-27 v0.33 Utility functions of pdfTeX for LuaTeX (HO
)

(/nix/store/c1b5zlvqa61x7xkw2k9582k3hzybj1g0-texlive-combined-2024-texmfdist/te
x/generic/infwarerr/infwarerr.sty
Package: infwarerr 2019/12/03 v1.5 Providing info/warning/error messages (HO)
)
Package pdftexcmds Info: \pdf@primitive is available.
Package pdftexcmds Info: \pdf@ifprimitive is available.
Package pdftexcmds Info: \pdfdraftmode not found.
))
(/nix/store/c1b5zlvqa61x7xkw2k9582k3hzybj1g0-texlive-combined-2024-texmfdist/te
x/latex/hycolor/hycolor.sty
Package: hycolor 2020-01-27 v1.10 Color options for hyperref/bookmark (HO)
)
(/nix/store/c1b5zlvqa61x7xkw2k9582k3hzybj1g0-texlive-combined-2024-texmfdist/te
x/latex/hyperref/nameref.sty
Package: nameref 2023-11-26 v2.56 Cross-referencing by name of section

(/nix/store/c1b5zlvqa61x7xkw2k9582k3hzybj1g0-texlive-combined-2024-texmfdist/te
x/latex/refcount/refcount.sty
Package: refcount 2019/12/15 v3.6 Data extraction from label references (HO)
)
(/nix/store/c1b5zlvqa61x7xkw2k9582k3hzybj1g0-texlive-combined-2024-texmfdist/te
x/generic/gettitlestring/gettitlestring.sty
Package: gettitlestring 2019/12/15 v1.6 Cleanup title references (HO)

(/nix/store/c1b5zlvqa61x7xkw2k9582k3hzybj1g0-texlive-combined-2024-texmfdist/te
x/latex/kvoptions/kvoptions.sty
Package: kvoptions 2022-06-15 v3.15 Key value format for package options (HO)
))
\c@section@level=\count306
)
(/nix/store/c1b5zlvqa61x7xkw2k9582k3hzybj1g0-texlive-combined-2024-texmfdist/te
x/generic/stringenc/stringenc.sty
Package: stringenc 2019/11/29 v1.12 Convert strings between diff. encodings (HO
)
)
\@linkdim=\dimen268
\Hy@linkcounter=\count307
\Hy@pagecounter=\count308

(/nix/store/c1b5zlvqa61x7xkw2k9582k3hzybj1g0-texlive-combined-2024-texmfdist/te
x/latex/hyperref/pd1enc.def
File: pd1enc.def 2024-11-05 v7.01l Hyperref: PDFDocEncoding definition (HO)
)
(/nix/store/c1b5zlvqa61x7xkw2k9582k3hzybj1g0-texlive-combined-2024-texmfdist/te
x/generic/intcalc/intcalc.sty
Package: intcalc 2019/12/15 v1.3 Expandable calculations with integers (HO)
)
\Hy@SavedSpaceFactor=\count309

(/nix/store/c1b5zlvqa61x7xkw2k9582k3hzybj1g0-texlive-combined-2024-texmfdist/te
x/latex/hyperref/puenc.def
File: puenc.def 2024-11-05 v7.01l Hyperref: PDF Unicode definition (HO)
)
Package hyperref Info: Option `bookmarks' set `true' on input line 4040.
Package hyperref Info: Option `bookmarksopen' set `true' on input line 4040.
Package hyperref Info: Option `implicit' set `false' on input line 4040.
Package hyperref Info: Hyper figures OFF on input line 4157.
Package hyperref Info: Link nesting OFF on input line 4162.
Package hyperref Info: Hyper index ON on input line 4165.
Package hyperref Info: Plain pages OFF on input line 4172.
Package hyperref Info: Backreferencing OFF on input line 4177.
Package hyperref Info: Implicit mode OFF; no redefinition of LaTeX internals.
Package hyperref Info: Bookmarks ON on input line 4424.
\c@Hy@tempcnt=\count310

(/nix/store/c1b5zlvqa61x7xkw2k9582k3hzybj1g0-texlive-combined-2024-texmfdist/te
x/latex/url/url.sty
\Urlmuskip=\muskip17
Package: url 2013/09/16  ver 3.4  Verb mode for urls, etc.
)
LaTeX Info: Redefining \url on input line 4763.
\XeTeXLinkMargin=\dimen269

(/nix/store/c1b5zlvqa61x7xkw2k9582k3hzybj1g0-texlive-combined-2024-texmfdist/te
x/generic/bitset/bitset.sty
Package: bitset 2019/12/09 v1.3 Handle bit-vector datatype (HO)

(/nix/store/c1b5zlvqa61x7xkw2k9582k3hzybj1g0-texlive-combined-2024-texmfdist/te
x/generic/bigintcalc/bigintcalc.sty
Package: bigintcalc 2019/12/15 v1.5 Expandable calculations on big integers (HO
)
))
\Fld@menulength=\count311
\Field@Width=\dimen270
\Fld@charsize=\dimen271
Package hyperref Info: Hyper figures OFF on input line 6042.
Package hyperref Info: Link nesting OFF on input line 6047.
Package hyperref Info: Hyper index ON on input line 6050.
Package hyperref Info: backreferencing OFF on input line 6057.
Package hyperref Info: Link coloring OFF on input line 6062.
Package hyperref Info: Link coloring with OCG OFF on input line 6067.
Package hyperref Info: PDF/A mode OFF on input line 6072.
\Hy@abspage=\count312

Package hyperref Message: Stopped early.

)
Package hyperref Info: Driver (autodetected): hxetex.

(/nix/store/c1b5zlvqa61x7xkw2k9582k3hzybj1g0-texlive-combined-2024-texmfdist/te
x/latex/hyperref/hxetex.def
File: hxetex.def 2024-11-05 v7.01l Hyperref driver for XeTeX
\pdfm@box=\box67
\c@Hy@AnnotLevel=\count313
\HyField@AnnotCount=\count314
\Fld@listcount=\count315
\c@bookmark@seq@number=\count316

(/nix/store/c1b5zlvqa61x7xkw2k9582k3hzybj1g0-texlive-combined-2024-texmfdist/te
x/latex/rerunfilecheck/rerunfilecheck.sty
Package: rerunfilecheck 2022-07-10 v1.10 Rerun checks for auxiliary files (HO)

(/nix/store/c1b5zlvqa61x7xkw2k9582k3hzybj1g0-texlive-combined-2024-texmfdist/te
x/latex/base/atveryend-ltx.sty
Package: atveryend-ltx 2020/08/19 v1.0a Emulation of the original atveryend pac
kage
with kernel methods
)
(/nix/store/c1b5zlvqa61x7xkw2k9582k3hzybj1g0-texlive-combined-2024-texmfdist/te
x/generic/uniquecounter/uniquecounter.sty
Package: uniquecounter 2019/12/15 v1.4 Provide unlimited unique counter (HO)
)
Package uniquecounter Info: New unique counter `rerunfilecheck' on input line 2
85.
))
(/nix/store/c1b5zlvqa61x7xkw2k9582k3hzybj1g0-texlive-combined-2024-texmfdist/te
x/latex/beamer/beamerbaserequires.sty
(/nix/store/c1b5zlvqa61x7xkw2k9582k3hzybj1g0-texlive-combined-2024-texmfdist/te
x/latex/beamer/beamerbasecompatibility.sty)
(/nix/store/c1b5zlvqa61x7xkw2k9582k3hzybj1g0-texlive-combined-2024-texmfdist/te
x/latex/beamer/beamerbasefont.sty
(/nix/store/c1b5zlvqa61x7xkw2k9582k3hzybj1g0-texlive-combined-2024-texmfdist/te
x/latex/amsfonts/amssymb.sty
Package: amssymb 2013/01/14 v3.01 AMS font symbols

(/nix/store/c1b5zlvqa61x7xkw2k9582k3hzybj1g0-texlive-combined-2024-texmfdist/te
x/latex/amsfonts/amsfonts.sty
Package: amsfonts 2013/01/14 v3.01 Basic AMSFonts support
\@emptytoks=\toks29
\symAMSa=\mathgroup4
\symAMSb=\mathgroup5
LaTeX Font Info:    Redeclaring math symbol \hbar on input line 98.
LaTeX Font Info:    Overwriting math alphabet `\mathfrak' in version `bold'
(Font)                  U/euf/m/n --> U/euf/b/n on input line 106.
)))
(/nix/store/c1b5zlvqa61x7xkw2k9582k3hzybj1g0-texlive-combined-2024-texmfdist/te
x/latex/beamer/beamerbasetranslator.sty
(/nix/store/c1b5zlvqa61x7xkw2k9582k3hzybj1g0-texlive-combined-2024-texmfdist/te
x/latex/translator/translator.sty
Package: translator 2021-05-31 v1.12d Easy translation of strings in LaTeX
))
(/nix/store/c1b5zlvqa61x7xkw2k9582k3hzybj1g0-texlive-combined-2024-texmfdist/te
x/latex/beamer/beamerbasemisc.sty)
(/nix/store/c1b5zlvqa61x7xkw2k9582k3hzybj1g0-texlive-combined-2024-texmfdist/te
x/latex/beamer/beamerbasetwoscreens.sty)
(/nix/store/c1b5zlvqa61x7xkw2k9582k3hzybj1g0-texlive-combined-2024-texmfdist/te
x/latex/beamer/beamerbaseoverlay.sty
\beamer@argscount=\count317
\beamer@lastskipcover=\skip52
\beamer@trivlistdepth=\count318
)
(/nix/store/c1b5zlvqa61x7xkw2k9582k3hzybj1g0-texlive-combined-2024-texmfdist/te
x/latex/beamer/beamerbasetitle.sty)
(/nix/store/c1b5zlvqa61x7xkw2k9582k3hzybj1g0-texlive-combined-2024-texmfdist/te
x/latex/beamer/beamerbasesection.sty
\c@lecture=\count319
\c@part=\count320
\c@section=\count321
\c@subsection=\count322
\c@subsubsection=\count323
)
(/nix/store/c1b5zlvqa61x7xkw2k9582k3hzybj1g0-texlive-combined-2024-texmfdist/te
x/latex/beamer/beamerbaseframe.sty
\beamer@framebox=\box68
\beamer@frametitlebox=\box69
\beamer@zoombox=\box70
\beamer@zoomcount=\count324
\beamer@zoomframecount=\count325
\beamer@frametextheight=\dimen272
\c@subsectionslide=\count326
\beamer@frametopskip=\skip53
\beamer@framebottomskip=\skip54
\beamer@frametopskipautobreak=\skip55
\beamer@framebottomskipautobreak=\skip56
\beamer@envbody=\toks30
\framewidth=\dimen273
\c@framenumber=\count327
)
(/nix/store/c1b5zlvqa61x7xkw2k9582k3hzybj1g0-texlive-combined-2024-texmfdist/te
x/latex/beamer/beamerbaseverbatim.sty
\beamer@verbatimfileout=\write4
)
(/nix/store/c1b5zlvqa61x7xkw2k9582k3hzybj1g0-texlive-combined-2024-texmfdist/te
x/latex/beamer/beamerbaseframesize.sty
\beamer@splitbox=\box71
\beamer@autobreakcount=\count328
\beamer@autobreaklastheight=\dimen274
\beamer@frametitletoks=\toks31
\beamer@framesubtitletoks=\toks32
)
(/nix/store/c1b5zlvqa61x7xkw2k9582k3hzybj1g0-texlive-combined-2024-texmfdist/te
x/latex/beamer/beamerbaseframecomponents.sty
\beamer@footins=\box72
)
(/nix/store/c1b5zlvqa61x7xkw2k9582k3hzybj1g0-texlive-combined-2024-texmfdist/te
x/latex/beamer/beamerbasecolor.sty)
(/nix/store/c1b5zlvqa61x7xkw2k9582k3hzybj1g0-texlive-combined-2024-texmfdist/te
x/latex/beamer/beamerbasenotes.sty
\beamer@frameboxcopy=\box73
)
(/nix/store/c1b5zlvqa61x7xkw2k9582k3hzybj1g0-texlive-combined-2024-texmfdist/te
x/latex/beamer/beamerbasetoc.sty)
(/nix/store/c1b5zlvqa61x7xkw2k9582k3hzybj1g0-texlive-combined-2024-texmfdist/te
x/latex/beamer/beamerbasetemplates.sty
\beamer@sbttoks=\toks33

(/nix/store/c1b5zlvqa61x7xkw2k9582k3hzybj1g0-texlive-combined-2024-texmfdist/te
x/latex/beamer/beamerbaseauxtemplates.sty
(/nix/store/c1b5zlvqa61x7xkw2k9582k3hzybj1g0-texlive-combined-2024-texmfdist/te
x/latex/beamer/beamerbaseboxes.sty
\bmb@box=\box74
\bmb@colorbox=\box75
\bmb@boxwidth=\dimen275
\bmb@boxheight=\dimen276
\bmb@prevheight=\dimen277
\bmb@temp=\dimen278
\bmb@dima=\dimen279
\bmb@dimb=\dimen280
\bmb@prevheight=\dimen281
)
\beamer@blockheadheight=\dimen282
))
(/nix/store/c1b5zlvqa61x7xkw2k9582k3hzybj1g0-texlive-combined-2024-texmfdist/te
x/latex/beamer/beamerbaselocalstructure.sty
(/nix/store/c1b5zlvqa61x7xkw2k9582k3hzybj1g0-texlive-combined-2024-texmfdist/te
x/latex/tools/enumerate.sty
Package: enumerate 2023/07/04 v3.00 enumerate extensions (DPC)
\@enLab=\toks34
)
\beamer@bibiconwidth=\skip57
\c@figure=\count329
\c@table=\count330
\abovecaptionskip=\skip58
\belowcaptionskip=\skip59
)
(/nix/store/c1b5zlvqa61x7xkw2k9582k3hzybj1g0-texlive-combined-2024-texmfdist/te
x/latex/beamer/beamerbasenavigation.sty
(/nix/store/c1b5zlvqa61x7xkw2k9582k3hzybj1g0-texlive-combined-2024-texmfdist/te
x/latex/beamer/beamerbasenavigationsymbols.tex)
\beamer@section@min@dim=\dimen283
)
(/nix/store/c1b5zlvqa61x7xkw2k9582k3hzybj1g0-texlive-combined-2024-texmfdist/te
x/latex/beamer/beamerbasetheorems.sty
(/nix/store/c1b5zlvqa61x7xkw2k9582k3hzybj1g0-texlive-combined-2024-texmfdist/te
x/latex/amsmath/amsmath.sty
Package: amsmath 2024/11/05 v2.17t AMS math features
\@mathmargin=\skip60
For additional information on amsmath, use the `?' option.

(/nix/store/c1b5zlvqa61x7xkw2k9582k3hzybj1g0-texlive-combined-2024-texmfdist/te
x/latex/amsmath/amstext.sty
Package: amstext 2021/08/26 v2.01 AMS text

(/nix/store/c1b5zlvqa61x7xkw2k9582k3hzybj1g0-texlive-combined-2024-texmfdist/te
x/latex/amsmath/amsgen.sty
File: amsgen.sty 1999/11/30 v2.0 generic functions
\@emptytoks=\toks35
\ex@=\dimen284
))
(/nix/store/c1b5zlvqa61x7xkw2k9582k3hzybj1g0-texlive-combined-2024-texmfdist/te
x/latex/amsmath/amsbsy.sty
Package: amsbsy 1999/11/29 v1.2d Bold Symbols
\pmbraise@=\dimen285
)
(/nix/store/c1b5zlvqa61x7xkw2k9582k3hzybj1g0-texlive-combined-2024-texmfdist/te
x/latex/amsmath/amsopn.sty
Package: amsopn 2022/04/08 v2.04 operator names
)
\inf@bad=\count331
LaTeX Info: Redefining \frac on input line 233.
\uproot@=\count332
\leftroot@=\count333
LaTeX Info: Redefining \overline on input line 398.
LaTeX Info: Redefining \colon on input line 409.
\classnum@=\count334
\DOTSCASE@=\count335
LaTeX Info: Redefining \ldots on input line 495.
LaTeX Info: Redefining \dots on input line 498.
LaTeX Info: Redefining \cdots on input line 619.
\Mathstrutbox@=\box76
\strutbox@=\box77
LaTeX Info: Redefining \big on input line 721.
LaTeX Info: Redefining \Big on input line 722.
LaTeX Info: Redefining \bigg on input line 723.
LaTeX Info: Redefining \Bigg on input line 724.
\big@size=\dimen286
LaTeX Font Info:    Redeclaring font encoding OML on input line 742.
LaTeX Font Info:    Redeclaring font encoding OMS on input line 743.
\macc@depth=\count336
LaTeX Info: Redefining \bmod on input line 904.
LaTeX Info: Redefining \pmod on input line 909.
LaTeX Info: Redefining \smash on input line 939.
LaTeX Info: Redefining \relbar on input line 969.
LaTeX Info: Redefining \Relbar on input line 970.
\c@MaxMatrixCols=\count337
\dotsspace@=\muskip18
\c@parentequation=\count338
\dspbrk@lvl=\count339
\tag@help=\toks36
\row@=\count340
\column@=\count341
\maxfields@=\count342
\andhelp@=\toks37
\eqnshift@=\dimen287
\alignsep@=\dimen288
\tagshift@=\dimen289
\tagwidth@=\dimen290
\totwidth@=\dimen291
\lineht@=\dimen292
\@envbody=\toks38
\multlinegap=\skip61
\multlinetaggap=\skip62
\mathdisplay@stack=\toks39
LaTeX Info: Redefining \[ on input line 2953.
LaTeX Info: Redefining \] on input line 2954.
)
(/nix/store/c1b5zlvqa61x7xkw2k9582k3hzybj1g0-texlive-combined-2024-texmfdist/te
x/latex/amscls/amsthm.sty
Package: amsthm 2020/05/29 v2.20.6
\thm@style=\toks40
\thm@bodyfont=\toks41
\thm@headfont=\toks42
\thm@notefont=\toks43
\thm@headpunct=\toks44
\thm@preskip=\skip63
\thm@postskip=\skip64
\thm@headsep=\skip65
\dth@everypar=\toks45
)
\c@theorem=\count343
)
(/nix/store/c1b5zlvqa61x7xkw2k9582k3hzybj1g0-texlive-combined-2024-texmfdist/te
x/latex/beamer/beamerbasethemes.sty))
(/nix/store/c1b5zlvqa61x7xkw2k9582k3hzybj1g0-texlive-combined-2024-texmfdist/te
x/latex/beamer/beamerthemedefault.sty
(/nix/store/c1b5zlvqa61x7xkw2k9582k3hzybj1g0-texlive-combined-2024-texmfdist/te
x/latex/beamer/beamerfontthemedefault.sty)
(/nix/store/c1b5zlvqa61x7xkw2k9582k3hzybj1g0-texlive-combined-2024-texmfdist/te
x/latex/beamer/beamercolorthemedefault.sty)
(/nix/store/c1b5zlvqa61x7xkw2k9582k3hzybj1g0-texlive-combined-2024-texmfdist/te
x/latex/beamer/beamerinnerthemedefault.sty
\beamer@dima=\dimen293
\beamer@dimb=\dimen294
)
(/nix/store/c1b5zlvqa61x7xkw2k9582k3hzybj1g0-texlive-combined-2024-texmfdist/te
x/latex/beamer/beamerouterthemedefault.sty)))
(/nix/store/c1b5zlvqa61x7xkw2k9582k3hzybj1g0-texlive-combined-2024-texmfdist/te
x/latex/biblatex/biblatex.sty
Package: biblatex 2024/03/21 v3.20 programmable bibliographies (PK/MW)

(/nix/store/c1b5zlvqa61x7xkw2k9582k3hzybj1g0-texlive-combined-2024-texmfdist/te
x/latex/logreq/logreq.sty
Package: logreq 2010/08/04 v1.0 xml request logger
\lrq@indent=\count344

(/nix/store/c1b5zlvqa61x7xkw2k9582k3hzybj1g0-texlive-combined-2024-texmfdist/te
x/latex/logreq/logreq.def
File: logreq.def 2010/08/04 v1.0 logreq spec v1.0
))
(/nix/store/c1b5zlvqa61x7xkw2k9582k3hzybj1g0-texlive-combined-2024-texmfdist/te
x/latex/base/ifthen.sty
Package: ifthen 2024/03/16 v1.1e Standard LaTeX ifthen package (DPC)
)
\c@tabx@nest=\count345
\c@listtotal=\count346
\c@listcount=\count347
\c@liststart=\count348
\c@liststop=\count349
\c@citecount=\count350
\c@citetotal=\count351
\c@multicitecount=\count352
\c@multicitetotal=\count353
\c@instcount=\count354
\c@maxnames=\count355
\c@minnames=\count356
\c@maxitems=\count357
\c@minitems=\count358
\c@citecounter=\count359
\c@maxcitecounter=\count360
\c@savedcitecounter=\count361
\c@uniquelist=\count362
\c@uniquename=\count363
\c@refsection=\count364
\c@refsegment=\count365
\c@maxextratitle=\count366
\c@maxextratitleyear=\count367
\c@maxextraname=\count368
\c@maxextradate=\count369
\c@maxextraalpha=\count370
\c@abbrvpenalty=\count371
\c@highnamepenalty=\count372
\c@lownamepenalty=\count373
\c@maxparens=\count374
\c@parenlevel=\count375
\blx@tempcnta=\count376
\blx@tempcntb=\count377
\blx@tempcntc=\count378
\c@blx@maxsection=\count379
\blx@maxsegment@0=\count380
\blx@notetype=\count381
\blx@parenlevel@text=\count382
\blx@parenlevel@foot=\count383
\blx@sectionciteorder@0=\count384
\blx@sectionciteorderinternal@0=\count385
\blx@entrysetcounter=\count386
\blx@biblioinstance=\count387
\labelnumberwidth=\skip66
\labelalphawidth=\skip67
\biblabelsep=\skip68
\bibitemsep=\skip69
\bibnamesep=\skip70
\bibinitsep=\skip71
\bibparsep=\skip72
\bibhang=\skip73
\blx@bcfin=\read3
\blx@bcfout=\write5
\blx@langwohyphens=\language25
\c@mincomprange=\count388
\c@maxcomprange=\count389
\c@mincompwidth=\count390
Package biblatex Info: Trying to load biblatex default data model...
Package biblatex Info: ... file 'blx-dm.def' found.

(/nix/store/c1b5zlvqa61x7xkw2k9582k3hzybj1g0-texlive-combined-2024-texmfdist/te
x/latex/biblatex/blx-dm.def
File: blx-dm.def 2024/03/21 v3.20 biblatex datamodel (PK/MW)
)
Package biblatex Info: Trying to load biblatex style data model...
Package biblatex Info: ... file 'apa.dbx' found.

(/nix/store/c1b5zlvqa61x7xkw2k9582k3hzybj1g0-texlive-combined-2024-texmfdist/te
x/latex/biblatex-apa/apa.dbx
File: apa.dbx 2023/03/20 v9.17 APA biblatex style data model
)
Package biblatex Info: Trying to load biblatex custom data model...
Package biblatex Info: ... file 'biblatex-dm.cfg' not found.
\c@afterword=\count391
\c@savedafterword=\count392
\c@annotator=\count393
\c@savedannotator=\count394
\c@author=\count395
\c@savedauthor=\count396
\c@bookauthor=\count397
\c@savedbookauthor=\count398
\c@commentator=\count399
\c@savedcommentator=\count400
\c@editor=\count401
\c@savededitor=\count402
\c@editora=\count403
\c@savededitora=\count404
\c@editorb=\count405
\c@savededitorb=\count406
\c@editorc=\count407
\c@savededitorc=\count408
\c@foreword=\count409
\c@savedforeword=\count410
\c@holder=\count411
\c@savedholder=\count412
\c@introduction=\count413
\c@savedintroduction=\count414
\c@namea=\count415
\c@savednamea=\count416
\c@nameb=\count417
\c@savednameb=\count418
\c@namec=\count419
\c@savednamec=\count420
\c@translator=\count421
\c@savedtranslator=\count422
\c@shortauthor=\count423
\c@savedshortauthor=\count424
\c@shorteditor=\count425
\c@savedshorteditor=\count426
\c@narrator=\count427
\c@savednarrator=\count428
\c@execproducer=\count429
\c@savedexecproducer=\count430
\c@execdirector=\count431
\c@savedexecdirector=\count432
\c@with=\count433
\c@savedwith=\count434
\c@labelname=\count435
\c@savedlabelname=\count436
\c@institution=\count437
\c@savedinstitution=\count438
\c@lista=\count439
\c@savedlista=\count440
\c@listb=\count441
\c@savedlistb=\count442
\c@listc=\count443
\c@savedlistc=\count444
\c@listd=\count445
\c@savedlistd=\count446
\c@liste=\count447
\c@savedliste=\count448
\c@listf=\count449
\c@savedlistf=\count450
\c@location=\count451
\c@savedlocation=\count452
\c@organization=\count453
\c@savedorganization=\count454
\c@origlocation=\count455
\c@savedoriglocation=\count456
\c@origpublisher=\count457
\c@savedorigpublisher=\count458
\c@publisher=\count459
\c@savedpublisher=\count460
\c@language=\count461
\c@savedlanguage=\count462
\c@origlanguage=\count463
\c@savedoriglanguage=\count464
\c@citation=\count465
\c@savedcitation=\count466
\c@pageref=\count467
\c@savedpageref=\count468
\shorthandwidth=\skip74
\shortjournalwidth=\skip75
\shortserieswidth=\skip76
\shorttitlewidth=\skip77
\shortauthorwidth=\skip78
\shorteditorwidth=\skip79
\locallabelnumberwidth=\skip80
\locallabelalphawidth=\skip81
\localshorthandwidth=\skip82
\localshortjournalwidth=\skip83
\localshortserieswidth=\skip84
\localshorttitlewidth=\skip85
\localshortauthorwidth=\skip86
\localshorteditorwidth=\skip87
Package biblatex Info: Trying to load enhanced support for Unicode engines...
Package biblatex Info: ... file 'blx-unicode.def' found.

(/nix/store/c1b5zlvqa61x7xkw2k9582k3hzybj1g0-texlive-combined-2024-texmfdist/te
x/latex/biblatex/blx-unicode.def)
Package biblatex Info: Trying to load compatibility code...
Package biblatex Info: ... file 'blx-compat.def' found.

(/nix/store/c1b5zlvqa61x7xkw2k9582k3hzybj1g0-texlive-combined-2024-texmfdist/te
x/latex/biblatex/blx-compat.def
File: blx-compat.def 2024/03/21 v3.20 biblatex compatibility (PK/MW)
)
Package biblatex Info: Trying to load generic definitions...
Package biblatex Info: ... file 'biblatex.def' found.

(/nix/store/c1b5zlvqa61x7xkw2k9582k3hzybj1g0-texlive-combined-2024-texmfdist/te
x/latex/biblatex/biblatex.def
File: biblatex.def 2024/03/21 v3.20 biblatex compatibility (PK/MW)
\c@textcitecount=\count469
\c@textcitetotal=\count470
\c@textcitemaxnames=\count471
\c@biburlbigbreakpenalty=\count472
\c@biburlbreakpenalty=\count473
\c@biburlnumpenalty=\count474
\c@biburlucpenalty=\count475
\c@biburllcpenalty=\count476
\biburlbigskip=\muskip19
\biburlnumskip=\muskip20
\biburlucskip=\muskip21
\biburllcskip=\muskip22
\c@smartand=\count477
)
Package biblatex Info: Trying to load bibliography style 'apa'...
Package biblatex Info: ... file 'apa.bbx' found.

(/nix/store/c1b5zlvqa61x7xkw2k9582k3hzybj1g0-texlive-combined-2024-texmfdist/te
x/latex/biblatex-apa/apa.bbx
File: apa.bbx 2023/03/20 v9.17 APA biblatex references style
Package biblatex Info: Trying to load bibliography style 'standard'...
Package biblatex Info: ... file 'standard.bbx' found.

(/nix/store/c1b5zlvqa61x7xkw2k9582k3hzybj1g0-texlive-combined-2024-texmfdist/te
x/latex/biblatex/bbx/standard.bbx
File: standard.bbx 2024/03/21 v3.20 biblatex bibliography style (PK/MW)
\c@bbx:relatedcount=\count478
\c@bbx:relatedtotal=\count479
)
Package biblatex Info: Delimiter 'nameyeardelim' in context 'bib' already defin
ed, overwriting.
Package biblatex Info: Delimiter 'nameyeardelim' in context 'biblist' already d
efined, overwriting.
Package biblatex Info: Delimiter 'nonameyeardelim' in context 'bib' already def
ined, overwriting.
Package biblatex Info: Delimiter 'nonameyeardelim' in context 'biblist' already
 defined, overwriting.
)
Package biblatex Info: Trying to load citation style 'apa'...
Package biblatex Info: ... file 'apa.cbx' found.

(/nix/store/c1b5zlvqa61x7xkw2k9582k3hzybj1g0-texlive-combined-2024-texmfdist/te
x/latex/biblatex-apa/apa.cbx
File: apa.cbx 2023/03/20 v9.17 APA biblatex citation style
Package biblatex Info: Delimiter 'nameyeardelim' in context '' already defined,
 overwriting.
Package biblatex Info: Delimiter 'andothersdelim' in context '' already defined
, overwriting.
Package biblatex Info: Redefining '\fullcite'.
Package biblatex Info: Redefining '\citeauthor'.
Package biblatex Info: Redefining '\citeyear'.
Package biblatex Info: Redefining '\cite'.
Package biblatex Info: Redefining '\cites'.
Package biblatex Info: Redefining '\parencite'.
Package biblatex Info: Redefining '\parencites'.
Package biblatex Info: Redefining '\footcite'.
Package biblatex Info: Redefining '\footcites'.
Package biblatex Info: Redefining '\footcitetext'.
Package biblatex Info: Redefining '\footcitetexts'.
Package biblatex Info: Redefining '\smartcite'.
Package biblatex Info: Redefining '\smartcites'.
Package biblatex Info: Redefining '\textcite'.
Package biblatex Info: Redefining '\textcites'.
)
Package biblatex Info: Trying to load configuration file...
Package biblatex Info: ... file 'biblatex.cfg' found.

(/nix/store/c1b5zlvqa61x7xkw2k9582k3hzybj1g0-texlive-combined-2024-texmfdist/te
x/latex/biblatex/biblatex.cfg
File: biblatex.cfg 
)
Package biblatex Info: XeTeX detected.
(biblatex)             Assuming input encoding 'utf8'.
Package biblatex Info: Document encoding is UTF8 ....

(/nix/store/c1b5zlvqa61x7xkw2k9582k3hzybj1g0-texlive-combined-2024-texmfdist/te
x/latex/l3kernel/expl3.sty
Package: expl3 2025-01-18 L3 programming layer (loader) 

(/nix/store/c1b5zlvqa61x7xkw2k9582k3hzybj1g0-texlive-combined-2024-texmfdist/te
x/latex/l3backend/l3backend-xetex.def
File: l3backend-xetex.def 2024-05-08 L3 backend support: XeTeX
\g__graphics_track_int=\count480
\l__pdf_internal_box=\box78
\g__pdf_backend_annotation_int=\count481
\g__pdf_backend_link_int=\count482
))
Package biblatex Info: ... and expl3
(biblatex)             2025-01-18 L3 programming layer (loader) 
(biblatex)             is new enough (at least 2020/04/06),
(biblatex)             setting 'casechanger=expl3'.

(/nix/store/c1b5zlvqa61x7xkw2k9582k3hzybj1g0-texlive-combined-2024-texmfdist/te
x/latex/biblatex/blx-case-expl3.sty
(/nix/store/c1b5zlvqa61x7xkw2k9582k3hzybj1g0-texlive-combined-2024-texmfdist/te
x/latex/l3packages/xparse/xparse.sty
Package: xparse 2024-08-16 L3 Experimental document command parser
)
Package: blx-case-expl3 2024/03/21 v3.20 expl3 case changing code for biblatex
))
(/nix/store/c1b5zlvqa61x7xkw2k9582k3hzybj1g0-texlive-combined-2024-texmfdist/te
x/latex/caption/caption.sty
Package: caption 2023/08/05 v3.6o Customizing captions (AR)

(/nix/store/c1b5zlvqa61x7xkw2k9582k3hzybj1g0-texlive-combined-2024-texmfdist/te
x/latex/caption/caption3.sty
Package: caption3 2023/07/31 v2.4d caption3 kernel (AR)
\caption@tempdima=\dimen295
\captionmargin=\dimen296
\caption@leftmargin=\dimen297
\caption@rightmargin=\dimen298
\caption@width=\dimen299
\caption@indent=\dimen300
\caption@parindent=\dimen301
\caption@hangindent=\dimen302
Package caption Info: beamer document class detected.

(/nix/store/c1b5zlvqa61x7xkw2k9582k3hzybj1g0-texlive-combined-2024-texmfdist/te
x/latex/caption/caption-beamer.sto
File: caption-beamer.sto 2022/01/06 v2.0c Adaption of the caption package to th
e beamer document classes (AR)
))
\c@caption@flags=\count483
\c@continuedfloat=\count484
Package caption Info: hyperref package is loaded.
Package caption Info: Hyperref support is turned off
(caption)             because hyperref has stopped early.
)
(/nix/store/c1b5zlvqa61x7xkw2k9582k3hzybj1g0-texlive-combined-2024-texmfdist/te
x/latex/booktabs/booktabs.sty
Package: booktabs 2020/01/12 v1.61803398 Publication quality tables
\heavyrulewidth=\dimen303
\lightrulewidth=\dimen304
\cmidrulewidth=\dimen305
\belowrulesep=\dimen306
\belowbottomsep=\dimen307
\aboverulesep=\dimen308
\abovetopsep=\dimen309
\cmidrulesep=\dimen310
\cmidrulekern=\dimen311
\defaultaddspace=\dimen312
\@cmidla=\count485
\@cmidlb=\count486
\@aboverulesep=\dimen313
\@belowrulesep=\dimen314
\@thisruleclass=\count487
\@lastruleclass=\count488
\@thisrulewidth=\dimen315
)
(/nix/store/c1b5zlvqa61x7xkw2k9582k3hzybj1g0-texlive-combined-2024-texmfdist/te
x/latex/tools/longtable.sty
Package: longtable 2024-10-27 v4.22 Multi-page Table package (DPC)
\LTleft=\skip88
\LTright=\skip89
\LTpre=\skip90
\LTpost=\skip91
\LTchunksize=\count489
\LTcapwidth=\dimen316
\LT@head=\box79
\LT@firsthead=\box80
\LT@foot=\box81
\LT@lastfoot=\box82
\LT@gbox=\box83
\LT@cols=\count490
\LT@rows=\count491
\c@LT@tables=\count492
\c@LT@chunks=\count493
\LT@p@ftn=\toks46
)
(/nix/store/c1b5zlvqa61x7xkw2k9582k3hzybj1g0-texlive-combined-2024-texmfdist/te
x/latex/colortbl/colortbl.sty
Package: colortbl 2024/07/06 v1.0i Color table columns (DPC)

(/nix/store/c1b5zlvqa61x7xkw2k9582k3hzybj1g0-texlive-combined-2024-texmfdist/te
x/latex/tools/array.sty
Package: array 2024/10/17 v2.6g Tabular extension package (FMi)
\col@sep=\dimen317
\ar@mcellbox=\box84
\extrarowheight=\dimen318
\NC@list=\toks47
\extratabsurround=\skip92
\backup@length=\skip93
\ar@cellbox=\box85
)
\everycr=\toks48
\minrowclearance=\skip94
\rownum=\count494
)
(/nix/store/c1b5zlvqa61x7xkw2k9582k3hzybj1g0-texlive-combined-2024-texmfdist/te
x/latex/threeparttable/threeparttable.sty
Package: threeparttable 2003/06/13  v 3.0
\@tempboxb=\box86
)
(/nix/store/c1b5zlvqa61x7xkw2k9582k3hzybj1g0-texlive-combined-2024-texmfdist/te
x/latex/caption/subcaption.sty
Package: subcaption 2023/07/28 v1.6b Sub-captions (AR)
Package caption Info: New subtype `subfigure' on input line 238.
\c@subfigure=\count495
Package caption Info: New subtype `subtable' on input line 238.
\c@subtable=\count496
)
(/nix/store/c1b5zlvqa61x7xkw2k9582k3hzybj1g0-texlive-combined-2024-texmfdist/te
x/latex/base/inputenc.sty
Package: inputenc 2024/02/08 v1.3d Input encoding file
\inpenc@prehook=\toks49
\inpenc@posthook=\toks50

Package inputenc Warning: inputenc package ignored with utf8 based engines.

)
(/nix/store/c1b5zlvqa61x7xkw2k9582k3hzybj1g0-texlive-combined-2024-texmfdist/te
x/latex/pgf/frontendlayer/tikz.sty
(/nix/store/c1b5zlvqa61x7xkw2k9582k3hzybj1g0-texlive-combined-2024-texmfdist/te
x/latex/pgf/basiclayer/pgf.sty
Package: pgf 2023-01-15 v3.1.10 (3.1.10)

(/nix/store/c1b5zlvqa61x7xkw2k9582k3hzybj1g0-texlive-combined-2024-texmfdist/te
x/generic/pgf/modules/pgfmoduleshapes.code.tex
File: pgfmoduleshapes.code.tex 2023-01-15 v3.1.10 (3.1.10)
\pgfnodeparttextbox=\box87
)
(/nix/store/c1b5zlvqa61x7xkw2k9582k3hzybj1g0-texlive-combined-2024-texmfdist/te
x/generic/pgf/modules/pgfmoduleplot.code.tex
File: pgfmoduleplot.code.tex 2023-01-15 v3.1.10 (3.1.10)
)
(/nix/store/c1b5zlvqa61x7xkw2k9582k3hzybj1g0-texlive-combined-2024-texmfdist/te
x/latex/pgf/compatibility/pgfcomp-version-0-65.sty
Package: pgfcomp-version-0-65 2023-01-15 v3.1.10 (3.1.10)
\pgf@nodesepstart=\dimen319
\pgf@nodesepend=\dimen320
)
(/nix/store/c1b5zlvqa61x7xkw2k9582k3hzybj1g0-texlive-combined-2024-texmfdist/te
x/latex/pgf/compatibility/pgfcomp-version-1-18.sty
Package: pgfcomp-version-1-18 2023-01-15 v3.1.10 (3.1.10)
))
(/nix/store/c1b5zlvqa61x7xkw2k9582k3hzybj1g0-texlive-combined-2024-texmfdist/te
x/latex/pgf/utilities/pgffor.sty
(/nix/store/c1b5zlvqa61x7xkw2k9582k3hzybj1g0-texlive-combined-2024-texmfdist/te
x/generic/pgf/utilities/pgffor.code.tex
Package: pgffor 2023-01-15 v3.1.10 (3.1.10)
\pgffor@iter=\dimen321
\pgffor@skip=\dimen322
\pgffor@stack=\toks51
\pgffor@toks=\toks52
))
(/nix/store/c1b5zlvqa61x7xkw2k9582k3hzybj1g0-texlive-combined-2024-texmfdist/te
x/generic/pgf/frontendlayer/tikz/tikz.code.tex
Package: tikz 2023-01-15 v3.1.10 (3.1.10)

(/nix/store/c1b5zlvqa61x7xkw2k9582k3hzybj1g0-texlive-combined-2024-texmfdist/te
x/generic/pgf/libraries/pgflibraryplothandlers.code.tex
File: pgflibraryplothandlers.code.tex 2023-01-15 v3.1.10 (3.1.10)
\pgf@plot@mark@count=\count497
\pgfplotmarksize=\dimen323
)
\tikz@lastx=\dimen324
\tikz@lasty=\dimen325
\tikz@lastxsaved=\dimen326
\tikz@lastysaved=\dimen327
\tikz@lastmovetox=\dimen328
\tikz@lastmovetoy=\dimen329
\tikzleveldistance=\dimen330
\tikzsiblingdistance=\dimen331
\tikz@figbox=\box88
\tikz@figbox@bg=\box89
\tikz@tempbox=\box90
\tikz@tempbox@bg=\box91
\tikztreelevel=\count498
\tikznumberofchildren=\count499
\tikznumberofcurrentchild=\count500
\tikz@fig@count=\count501

(/nix/store/c1b5zlvqa61x7xkw2k9582k3hzybj1g0-texlive-combined-2024-texmfdist/te
x/generic/pgf/modules/pgfmodulematrix.code.tex
File: pgfmodulematrix.code.tex 2023-01-15 v3.1.10 (3.1.10)
\pgfmatrixcurrentrow=\count502
\pgfmatrixcurrentcolumn=\count503
\pgf@matrix@numberofcolumns=\count504
)
\tikz@expandcount=\count505

(/nix/store/c1b5zlvqa61x7xkw2k9582k3hzybj1g0-texlive-combined-2024-texmfdist/te
x/generic/pgf/frontendlayer/tikz/libraries/tikzlibrarytopaths.code.tex
File: tikzlibrarytopaths.code.tex 2023-01-15 v3.1.10 (3.1.10)
)))

! LaTeX Error: File `framed.sty' not found.

Type X to quit or <RETURN> to proceed,
or enter new name. (Default extension: sty)

Enter file name: 
! Emergency stop.
<read *> 
         
l.26 \usetikzlibrary
                    {decorations.pathreplacing,calc}^^M 
Here is how much of TeX's memory you used:
 31493 strings out of 475364
 639702 string characters out of 5755428
 1181673 words of memory out of 5000000
 53994 multiletter control sequences out of 15000+600000
 559213 words of font info for 39 fonts, out of 8000000 for 9000
 319 hyphenation exceptions out of 8191
 101i,0n,107p,443b,333s stack positions out of 10000i,1000n,20000p,200000b,200000s

No pages of output.
